2016-07-20 23:20:10,782 [salt.log.setup   ][ERROR   ][70405] An un-handled exception was caught by salt's global exception handler:
IOError: [Errno 13] Permission denied: '/var/cache/salt/minion/roots/mtime_map'
Traceback (most recent call last):
  File "/usr/local/Cellar/saltstack/2016.3.1/libexec/bin/salt-call", line 9, in <module>
    load_entry_point('salt==2016.3.1', 'console_scripts', 'salt-call')()
  File "/usr/local/Cellar/saltstack/2016.3.1/libexec/lib/python2.7/site-packages/salt/scripts.py", line 345, in salt_call
    client.run()
  File "/usr/local/Cellar/saltstack/2016.3.1/libexec/lib/python2.7/site-packages/salt/cli/call.py", line 58, in run
    caller.run()
  File "/usr/local/Cellar/saltstack/2016.3.1/libexec/lib/python2.7/site-packages/salt/cli/caller.py", line 134, in run
    ret = self.call()
  File "/usr/local/Cellar/saltstack/2016.3.1/libexec/lib/python2.7/site-packages/salt/cli/caller.py", line 197, in call
    ret['return'] = func(*args, **kwargs)
  File "/usr/local/Cellar/saltstack/2016.3.1/libexec/lib/python2.7/site-packages/salt/modules/state.py", line 456, in apply_
    return highstate(**kwargs)
  File "/usr/local/Cellar/saltstack/2016.3.1/libexec/lib/python2.7/site-packages/salt/modules/state.py", line 707, in highstate
    mocked=kwargs.get('mock', False))
  File "/usr/local/Cellar/saltstack/2016.3.1/libexec/lib/python2.7/site-packages/salt/state.py", line 3316, in __init__
    self.client = salt.fileclient.get_file_client(self.opts)
  File "/usr/local/Cellar/saltstack/2016.3.1/libexec/lib/python2.7/site-packages/salt/fileclient.py", line 57, in get_file_client
    }.get(client, RemoteClient)(opts)
  File "/usr/local/Cellar/saltstack/2016.3.1/libexec/lib/python2.7/site-packages/salt/fileclient.py", line 1375, in __init__
    self.channel = salt.fileserver.FSChan(opts)
  File "/usr/local/Cellar/saltstack/2016.3.1/libexec/lib/python2.7/site-packages/salt/fileserver/__init__.py", line 726, in __init__
    self.fs.update()
  File "/usr/local/Cellar/saltstack/2016.3.1/libexec/lib/python2.7/site-packages/salt/fileserver/__init__.py", line 453, in update
    self.servers[fstr]()
  File "/usr/local/Cellar/saltstack/2016.3.1/libexec/lib/python2.7/site-packages/salt/fileserver/roots.py", line 157, in update
    with salt.utils.fopen(mtime_map_path, 'w') as fp_:
  File "/usr/local/Cellar/saltstack/2016.3.1/libexec/lib/python2.7/site-packages/salt/utils/__init__.py", line 1209, in fopen
    fhandle = open(*args, **kwargs)
IOError: [Errno 13] Permission denied: '/var/cache/salt/minion/roots/mtime_map'
2016-07-20 23:20:23,040 [salt.state       ][ERROR   ][70497] No contents found in top file
2016-07-20 23:22:18,422 [salt.state       ][ERROR   ][70688] No contents found in top file
2016-07-20 23:22:31,539 [salt.state       ][ERROR   ][70859] No contents found in top file
2016-07-20 23:22:57,375 [salt.state       ][ERROR   ][70990] No contents found in top file
2016-07-20 23:23:49,636 [salt.utils.verify][WARNING ][71308] Insecure logging configuration detected! Sensitive data may be logged.
2016-07-20 23:23:49,637 [salt.config      ][DEBUG   ][71308] Missing configuration file: /etc/salt/minion
2016-07-20 23:23:50,230 [salt.loaded.int.grains.core][DEBUG   ][71308] Please install 'virt-what' to improve results of the 'virtual' grain.
2016-07-20 23:23:50,524 [salt.pillar      ][DEBUG   ][71308] Determining pillar cache
2016-07-20 23:23:50,532 [salt.utils.lazy  ][DEBUG   ][71308] LazyLoaded jinja.render
2016-07-20 23:23:50,533 [salt.utils.lazy  ][DEBUG   ][71308] LazyLoaded yaml.render
2016-07-20 23:23:50,543 [salt.utils.lazy  ][DEBUG   ][71308] LazyLoaded jinja.render
2016-07-20 23:23:50,544 [salt.utils.lazy  ][DEBUG   ][71308] LazyLoaded yaml.render
2016-07-20 23:23:50,547 [salt.utils.lazy  ][DEBUG   ][71308] LazyLoaded state.apply
2016-07-20 23:23:50,548 [salt.utils.lazy  ][DEBUG   ][71308] LazyLoaded grains.get
2016-07-20 23:23:50,554 [salt.utils.lazy  ][DEBUG   ][71308] LazyLoaded saltutil.is_running
2016-07-20 23:23:50,556 [salt.utils.lazy  ][DEBUG   ][71308] LazyLoaded roots.envs
2016-07-20 23:23:50,560 [salt.utils.lazy  ][DEBUG   ][71308] Could not LazyLoad roots.init
2016-07-20 23:23:50,560 [salt.fileserver  ][DEBUG   ][71308] Updating roots fileserver cache
2016-07-20 23:23:50,561 [salt.pillar      ][DEBUG   ][71308] Determining pillar cache
2016-07-20 23:23:50,567 [salt.utils.lazy  ][DEBUG   ][71308] LazyLoaded jinja.render
2016-07-20 23:23:50,568 [salt.utils.lazy  ][DEBUG   ][71308] LazyLoaded yaml.render
2016-07-20 23:23:50,570 [salt.state       ][INFO    ][71308] Loading fresh modules for state activity
2016-07-20 23:23:50,578 [salt.utils.lazy  ][DEBUG   ][71308] LazyLoaded jinja.render
2016-07-20 23:23:50,578 [salt.utils.lazy  ][DEBUG   ][71308] LazyLoaded yaml.render
2016-07-20 23:23:50,578 [salt.fileclient  ][DEBUG   ][71308] Could not find file from saltenv 'base', 'salt://top.sls'
2016-07-20 23:23:50,578 [salt.state       ][DEBUG   ][71308] No contents loaded for env: base
2016-07-20 23:23:50,579 [salt.state       ][ERROR   ][71308] No contents found in top file
2016-07-20 23:23:50,581 [salt.utils.lazy  ][DEBUG   ][71308] LazyLoaded config.option
2016-07-20 23:23:50,582 [salt.utils.lazy  ][DEBUG   ][71308] LazyLoaded highstate.output
2016-07-20 23:24:35,710 [salt.utils.verify][WARNING ][71445] Insecure logging configuration detected! Sensitive data may be logged.
2016-07-20 23:24:35,710 [salt.config      ][DEBUG   ][71445] Missing configuration file: /etc/salt/minion
2016-07-20 23:24:36,307 [salt.loaded.int.grains.core][DEBUG   ][71445] Please install 'virt-what' to improve results of the 'virtual' grain.
2016-07-20 23:24:36,602 [salt.pillar      ][DEBUG   ][71445] Determining pillar cache
2016-07-20 23:24:36,609 [salt.utils.lazy  ][DEBUG   ][71445] LazyLoaded jinja.render
2016-07-20 23:24:36,610 [salt.utils.lazy  ][DEBUG   ][71445] LazyLoaded yaml.render
2016-07-20 23:24:36,619 [salt.utils.lazy  ][DEBUG   ][71445] LazyLoaded jinja.render
2016-07-20 23:24:36,619 [salt.utils.lazy  ][DEBUG   ][71445] LazyLoaded yaml.render
2016-07-20 23:24:36,623 [salt.utils.lazy  ][DEBUG   ][71445] LazyLoaded state.apply
2016-07-20 23:24:36,624 [salt.utils.lazy  ][DEBUG   ][71445] LazyLoaded grains.get
2016-07-20 23:24:36,630 [salt.utils.lazy  ][DEBUG   ][71445] LazyLoaded saltutil.is_running
2016-07-20 23:24:36,633 [salt.utils.lazy  ][DEBUG   ][71445] LazyLoaded roots.envs
2016-07-20 23:24:36,636 [salt.utils.lazy  ][DEBUG   ][71445] Could not LazyLoad roots.init
2016-07-20 23:24:36,637 [salt.fileserver  ][DEBUG   ][71445] Updating roots fileserver cache
2016-07-20 23:24:36,637 [salt.pillar      ][DEBUG   ][71445] Determining pillar cache
2016-07-20 23:24:36,645 [salt.utils.lazy  ][DEBUG   ][71445] LazyLoaded jinja.render
2016-07-20 23:24:36,645 [salt.utils.lazy  ][DEBUG   ][71445] LazyLoaded yaml.render
2016-07-20 23:24:36,646 [salt.state       ][INFO    ][71445] Loading fresh modules for state activity
2016-07-20 23:24:36,654 [salt.utils.lazy  ][DEBUG   ][71445] LazyLoaded jinja.render
2016-07-20 23:24:36,654 [salt.utils.lazy  ][DEBUG   ][71445] LazyLoaded yaml.render
2016-07-20 23:24:36,655 [salt.fileclient  ][DEBUG   ][71445] Could not find file from saltenv 'base', 'salt://top.sls'
2016-07-20 23:24:36,655 [salt.state       ][DEBUG   ][71445] No contents loaded for env: base
2016-07-20 23:24:36,655 [salt.state       ][ERROR   ][71445] No contents found in top file
2016-07-20 23:24:36,658 [salt.utils.lazy  ][DEBUG   ][71445] LazyLoaded config.option
2016-07-20 23:24:36,659 [salt.utils.lazy  ][DEBUG   ][71445] LazyLoaded highstate.output
2016-07-20 23:26:27,455 [salt.utils.verify][WARNING ][71623] Insecure logging configuration detected! Sensitive data may be logged.
2016-07-20 23:26:27,455 [salt.config      ][DEBUG   ][71623] Missing configuration file: /etc/salt/minion
2016-07-20 23:26:28,046 [salt.loaded.int.grains.core][DEBUG   ][71623] Please install 'virt-what' to improve results of the 'virtual' grain.
2016-07-20 23:26:28,340 [salt.pillar      ][DEBUG   ][71623] Determining pillar cache
2016-07-20 23:26:28,348 [salt.utils.lazy  ][DEBUG   ][71623] LazyLoaded jinja.render
2016-07-20 23:26:28,348 [salt.utils.lazy  ][DEBUG   ][71623] LazyLoaded yaml.render
2016-07-20 23:26:28,351 [salt.template    ][DEBUG   ][71623] compile template: /Users/danijel/Projects/mac-salt-provision/salt/pillar/top.sls
2016-07-20 23:26:28,351 [salt.utils.jinja ][DEBUG   ][71623] Jinja search path: ['/Users/danijel/Projects/mac-salt-provision/salt/pillar']
2016-07-20 23:26:28,354 [salt.template    ][PROFILE ][71623] Time (in seconds) to render '/Users/danijel/Projects/mac-salt-provision/salt/pillar/top.sls' using 'jinja' renderer: 0.0031099319458
2016-07-20 23:26:28,355 [salt.template    ][DEBUG   ][71623] Rendered data from file: /Users/danijel/Projects/mac-salt-provision/salt/pillar/top.sls:
base:
  '*':

2016-07-20 23:26:28,358 [salt.utils.lazy  ][DEBUG   ][71623] LazyLoaded config.get
2016-07-20 23:26:28,358 [salt.loaded.int.render.yaml][DEBUG   ][71623] Results of YAML rendering: 
OrderedDict([('base', OrderedDict([('*', None)]))])
2016-07-20 23:26:28,359 [salt.template    ][PROFILE ][71623] Time (in seconds) to render '/Users/danijel/Projects/mac-salt-provision/salt/pillar/top.sls' using 'yaml' renderer: 0.00367403030396
2016-07-20 23:26:28,359 [salt.pillar      ][CRITICAL][71623] Pillar render error: Error encountered while render pillar top file.
2016-07-20 23:26:28,367 [salt.utils.lazy  ][DEBUG   ][71623] LazyLoaded jinja.render
2016-07-20 23:26:28,367 [salt.utils.lazy  ][DEBUG   ][71623] LazyLoaded yaml.render
2016-07-20 23:26:28,372 [salt.utils.lazy  ][DEBUG   ][71623] LazyLoaded state.apply
2016-07-20 23:26:28,373 [salt.utils.lazy  ][DEBUG   ][71623] LazyLoaded grains.get
2016-07-20 23:26:28,379 [salt.utils.lazy  ][DEBUG   ][71623] LazyLoaded saltutil.is_running
2016-07-20 23:26:28,381 [salt.utils.lazy  ][DEBUG   ][71623] LazyLoaded roots.envs
2016-07-20 23:26:28,385 [salt.utils.lazy  ][DEBUG   ][71623] Could not LazyLoad roots.init
2016-07-20 23:26:28,386 [salt.fileserver  ][DEBUG   ][71623] Updating roots fileserver cache
2016-07-20 23:26:28,394 [salt.pillar      ][DEBUG   ][71623] Determining pillar cache
2016-07-20 23:26:28,400 [salt.utils.lazy  ][DEBUG   ][71623] LazyLoaded jinja.render
2016-07-20 23:26:28,401 [salt.utils.lazy  ][DEBUG   ][71623] LazyLoaded yaml.render
2016-07-20 23:26:28,403 [salt.template    ][DEBUG   ][71623] compile template: /Users/danijel/Projects/mac-salt-provision/salt/pillar/top.sls
2016-07-20 23:26:28,403 [salt.utils.jinja ][DEBUG   ][71623] Jinja search path: ['/Users/danijel/Projects/mac-salt-provision/salt/pillar']
2016-07-20 23:26:28,404 [salt.template    ][PROFILE ][71623] Time (in seconds) to render '/Users/danijel/Projects/mac-salt-provision/salt/pillar/top.sls' using 'jinja' renderer: 0.000865936279297
2016-07-20 23:26:28,404 [salt.template    ][DEBUG   ][71623] Rendered data from file: /Users/danijel/Projects/mac-salt-provision/salt/pillar/top.sls:
base:
  '*':

2016-07-20 23:26:28,405 [salt.utils.lazy  ][DEBUG   ][71623] LazyLoaded config.get
2016-07-20 23:26:28,405 [salt.loaded.int.render.yaml][DEBUG   ][71623] Results of YAML rendering: 
OrderedDict([('base', OrderedDict([('*', None)]))])
2016-07-20 23:26:28,405 [salt.template    ][PROFILE ][71623] Time (in seconds) to render '/Users/danijel/Projects/mac-salt-provision/salt/pillar/top.sls' using 'yaml' renderer: 0.00113105773926
2016-07-20 23:26:28,405 [salt.pillar      ][CRITICAL][71623] Pillar render error: Error encountered while render pillar top file.
2016-07-20 23:26:28,406 [salt.state       ][INFO    ][71623] Loading fresh modules for state activity
2016-07-20 23:26:28,413 [salt.utils.lazy  ][DEBUG   ][71623] LazyLoaded jinja.render
2016-07-20 23:26:28,414 [salt.utils.lazy  ][DEBUG   ][71623] LazyLoaded yaml.render
2016-07-20 23:26:28,414 [salt.fileclient  ][DEBUG   ][71623] Could not find file from saltenv 'base', 'salt://top.sls'
2016-07-20 23:26:28,414 [salt.state       ][DEBUG   ][71623] No contents loaded for env: base
2016-07-20 23:26:28,414 [salt.state       ][ERROR   ][71623] No contents found in top file
2016-07-20 23:26:28,415 [salt.utils.lazy  ][DEBUG   ][71623] LazyLoaded config.option
2016-07-20 23:26:28,416 [salt.utils.lazy  ][DEBUG   ][71623] LazyLoaded highstate.output
